<?xml version="1.0" encoding="UTF-8"?>
<!-- Generated by org.testng.reporters.JUnitXMLReporter -->
<testsuite ignored="0" hostname="DESKTOP-653N01I" failures="1" tests="4" name="Test" time="112.324" errors="0" timestamp="2021-12-16T16:07:21 IST">
  <testcase classname="tests.LoginTest" name="loginWithValidCredentials" time="2.714"/>
  <testcase classname="tests.LoginTest" name="loginWithInvalidCredentials" time="2.135">
    <failure type="java.lang.AssertionError" message="expected [true] but found [false]">
      <![CDATA[java.lang.AssertionError: expected [true] but found [false]
at tests.LoginTest.loginWithInvalidCredentials(LoginTest.java:67)
at java.base/java.util.ArrayList.forEach(ArrayList.java:1541)
... Removed 31 stack frames]]>
    </failure>
  </testcase> <!-- loginWithInvalidCredentials -->
  <testcase classname="tests.SearchTest" name="searchWithAnExistingProduct" time="1.192"/>
  <testcase classname="tests.SearchTest" name="searchWithNonExistingProduct" time="0.811"/>
</testsuite> <!-- Test -->
